<?xml version="1.0" encoding="UTF-8"?>
<!-- Generated by org.testng.reporters.JUnitReportReporter -->
<testsuite hostname="LAPTOP-SJRN4F9M" failures="0" tests="1" name="RunnerFiles.TestRunnerFooter" time="0.004" errors="0" timestamp="02 Jul 2021 14:51:10 GMT" skipped="0">
  <testcase classname="RunnerFiles.TestRunnerFooter" name="Test1" time="0.004"/>
</testsuite> <!-- RunnerFiles.TestRunnerFooter -->
