<?xml version="1.0" encoding="UTF-8"?>
<!-- Generated by org.testng.reporters.JUnitReportReporter -->
<testsuite skipped="0" hostname="LAPTOP-SJRN4F9M" name="RunnerFiles.TestRunner" tests="3" failures="0" timestamp="19 Jul 2021 16:02:36 GMT" time="10.212" errors="0">
  <testcase name="Test1" time="10.061" classname="RunnerFiles.TestRunner"/>
  <testcase name="Test2" time="0.027" classname="RunnerFiles.TestRunner"/>
  <testcase name="Test3" time="0.124" classname="RunnerFiles.TestRunner"/>
</testsuite> <!-- RunnerFiles.TestRunner -->
