<?xml version="1.0" encoding="UTF-8"?>
<!-- Generated by org.testng.reporters.JUnitReportReporter -->
<testsuite skipped="0" hostname="LAPTOP-SJRN4F9M" name="RunnerFiles.TestRunnerFooter" tests="1" failures="0" timestamp="19 Jul 2021 16:02:36 GMT" time="0.010" errors="0">
  <testcase name="Test1" time="0.010" classname="RunnerFiles.TestRunnerFooter"/>
</testsuite> <!-- RunnerFiles.TestRunnerFooter -->
