<?xml version="1.0" encoding="UTF-8"?>
<!-- Generated by org.testng.reporters.JUnitReportReporter -->
<testsuite hostname="LAPTOP-SJRN4F9M" failures="0" tests="3" name="RunnerFiles.TestRunner" time="13.719" errors="0" timestamp="02 Jul 2021 15:02:55 GMT" skipped="0">
  <testcase classname="RunnerFiles.TestRunner" name="Test1" time="13.429"/>
  <testcase classname="RunnerFiles.TestRunner" name="Test2" time="0.073"/>
  <testcase classname="RunnerFiles.TestRunner" name="Test3" time="0.217"/>
</testsuite> <!-- RunnerFiles.TestRunner -->
