<?xml version="1.0" encoding="UTF-8"?>
<!-- Generated by org.testng.reporters.JUnitReportReporter -->
<testsuite skipped="0" hostname="LAPTOP-SJRN4F9M" name="com.HomePage.Login_TC001" tests="3" failures="0" timestamp="24 Jul 2021 11:53:32 GMT" time="30.887" errors="0">
  <testcase name="ClosingFlyout" time="10.215" classname="com.HomePage.Login_TC001"/>
  <testcase name="LoginButton" time="11.375" classname="com.HomePage.Login_TC001"/>
  <testcase name="LoginFlyout" time="9.297" classname="com.HomePage.Login_TC001"/>
</testsuite> <!-- com.HomePage.Login_TC001 -->
