<?xml version="1.0" encoding="UTF-8"?>
<!-- Generated by org.testng.reporters.JUnitReportReporter -->
<testsuite skipped="0" hostname="LAPTOP-SJRN4F9M" name="RunnerFiles.RunnerOrder" tests="1" failures="0" timestamp="19 Jul 2021 16:02:36 GMT" time="25.673" errors="0">
  <testcase name="OrderMobile" time="25.673" classname="RunnerFiles.RunnerOrder"/>
</testsuite> <!-- RunnerFiles.RunnerOrder -->
