<?xml version="1.0" encoding="UTF-8"?>
<!-- Generated by org.testng.reporters.JUnitReportReporter -->
<testsuite hostname="LAPTOP-SJRN4F9M" failures="0" tests="3" name="RunnerFiles.TestRunner" time="13.225" errors="0" timestamp="02 Jul 2021 10:20:11 GMT" skipped="0">
  <testcase classname="RunnerFiles.TestRunner" name="Test1" time="12.985"/>
  <testcase classname="RunnerFiles.TestRunner" name="Test2" time="0.068"/>
  <testcase classname="RunnerFiles.TestRunner" name="Test3" time="0.172"/>
</testsuite> <!-- RunnerFiles.TestRunner -->
