<?xml version="1.0" encoding="UTF-8"?>
<!-- Generated by org.testng.reporters.JUnitReportReporter -->
<testsuite hostname="LAPTOP-SJRN4F9M" failures="0" tests="1" name="RunnerFiles.RunnerOrder" time="44.889" errors="0" timestamp="02 Jul 2021 15:02:55 GMT" skipped="0">
  <testcase classname="RunnerFiles.RunnerOrder" name="OrderMobile" time="44.889"/>
</testsuite> <!-- RunnerFiles.RunnerOrder -->
