<?xml version="1.0" encoding="UTF-8"?>
<!-- Generated by org.testng.reporters.JUnitReportReporter -->
<testsuite hostname="LAPTOP-SJRN4F9M" failures="0" tests="1" name="RunnerFiles.RunnerOrder" time="21.631" errors="0" timestamp="04 Jul 2021 17:25:03 GMT" skipped="0">
  <testcase classname="RunnerFiles.RunnerOrder" name="OrderMobile" time="21.631"/>
</testsuite> <!-- RunnerFiles.RunnerOrder -->
