<?xml version="1.0" encoding="UTF-8"?>
<!-- Generated by org.testng.reporters.JUnitReportReporter -->
<testsuite hostname="LAPTOP-SJRN4F9M" failures="0" tests="3" name="RunnerFiles.TestRunner" time="16.818" errors="0" timestamp="04 Jul 2021 17:25:03 GMT" skipped="0">
  <testcase classname="RunnerFiles.TestRunner" name="Test1" time="16.551"/>
  <testcase classname="RunnerFiles.TestRunner" name="Test2" time="0.059"/>
  <testcase classname="RunnerFiles.TestRunner" name="Test3" time="0.208"/>
</testsuite> <!-- RunnerFiles.TestRunner -->
